<?xml version="1.0" encoding="UTF-8"?>
<testng-results skipped="0" failed="0" ignored="0" total="1" passed="1">
  <reporter-output>
  </reporter-output>
  <suite name="Suite" duration-ms="25" started-at="2022-04-18T05:41:05Z" finished-at="2022-04-18T05:41:05Z">
    <groups>
    </groups>
    <test name="Test" duration-ms="25" started-at="2022-04-18T05:41:05Z" finished-at="2022-04-18T05:41:05Z">
      <class name="testcases.SampleTest">
        <test-method status="PASS" signature="test1()[pri:0, instance:testcases.SampleTest@e874448]" name="test1" duration-ms="5" started-at="2022-04-18T05:41:05Z" finished-at="2022-04-18T05:41:05Z">
          <reporter-output>
          </reporter-output>
        </test-method> <!-- test1 -->
      </class> <!-- testcases.SampleTest -->
    </test> <!-- Test -->
  </suite> <!-- Suite -->
</testng-results>
