<?xml version="1.0" encoding="UTF-8"?>
<testng-results ignored="0" total="1" passed="1" failed="0" skipped="0">
  <reporter-output>
  </reporter-output>
  <suite started-at="2022-04-18T10:42:05 IST" name="Suite" finished-at="2022-04-18T10:42:05 IST" duration-ms="44">
    <groups>
    </groups>
    <test started-at="2022-04-18T10:42:05 IST" name="Test" finished-at="2022-04-18T10:42:05 IST" duration-ms="44">
      <class name="testcases.SampleTest">
        <test-method signature="test1()[pri:0, instance:testcases.SampleTest@61d6015a]" started-at="2022-04-18T10:42:05 IST" name="test1" finished-at="2022-04-18T10:42:05 IST" duration-ms="8" status="PASS">
          <reporter-output>
          </reporter-output>
        </test-method> <!-- test1 -->
      </class> <!-- testcases.SampleTest -->
    </test> <!-- Test -->
  </suite> <!-- Suite -->
</testng-results>
